<test-run id="2" testcasecount="0" result="Passed" start-time="2024-04-15 15:55:35.948427" end-time="2024-04-15 15:55:35.993449" duration="0" total="0" passed="0" failed="0" inconclusive="0" skipped="0" asserts="0" clr-version="3.9.13 (tags/v3.9.13:6de2ca5, May 17 2022, 16:36:42) [MSC v.1929 64 bit (AMD64)]" engine-version="3.6.2"><command-line>C:\Users\YusufTyer\.pyenv\pyenv-win\versions\3.9.13\lib\site-packages\pytest\__main__.py --collect-only -s</command-line><filter /></test-run>